
ROM used:   4701/8192 (57%)
            5129/8192 (63%) including unused fragments

            2.5 Average locations per line
            15.3 Average locations per statement

RAM used:   26/368 (7%) at main() level
            51/368 (14%) worst case

Stack used: 0 worst case (0 in main + 0 for interrupts)
Stack size: 8

Lines Stmts  %   Files
----- ----- ---  -----
  349    69  22  main.c
  661     0   0  ..\..\..\..\..\Program Files (x86)\PICC\Devices\16F877A.h
  356    76  25  ..\..\..\..\..\Program Files (x86)\PICC\Drivers\HDM64GS12.c
  540   163  53  ..\..\..\..\..\Program Files (x86)\PICC\Drivers\graphics.c
----- -----
 1906   308 Total

Page ROM  %  RAM   Vol Diff  Functions:
---- --- --- ---   --- ----  ----------
0     21   0    1             @delay_ms1
0     73   2    1   555  3.4  glcd_init
0    118   3    7   779  7.2  glcd_pixel
0     70   1    4   506  4.8  glcd_fillScreen
0     37   1    2             @MUL88
0     43   1    2   307  2.8  glcd_writeByte
0     45   1    2   318  2.8  glcd_readByte
0    262   6    0             @const641
0    224   5    0             @const645
1    232   5   20  1587 11.7  glcd_text57
0   1033  22    0             @const717
1   1033  22    0             @const720
2   1033  22    0             @const723
0      8   0    0             @const726
1    236   5   14  1091  6.7  MAIN
0     39   1    5  1613  7.6  @DIV1616
1    190   4    9  1613  7.6  glcd_image
 Inline         0             @cinit1

Program metrics:
    Functions               9
    Statements              308
    Comments                458
    Volume (V)              12281
    Difficulty (D)          53.6
    Effort to implement (E) 658601
    Time to implement (T)   10 hours, 10 minutes
    Est Delivered Bugs (B)  3
    Cyclomatic Complexity   48
    Maintainability (MI)    25

 Segment     Used  Free
-----------  ----  ----
00000-00003     4  0  
00004-007FF  1973  71  
00800-00FFF  1691  357  
01000-017FF  1033  1015  
01800-01FFF     0  2048  



